Arguments: 
  C:\Program Files\nodejs\node.exe C:\Users\royal\AppData\Roaming\npm\node_modules\yarn\bin\yarn.js init

PATH: 
  C:\Program Files (x86)\Common Files\Oracle\Java\javapath;C:\Program Files\kotlinc\bin;C:\Program Files\nodejs\;C:\Windows\System32;C:\Program Files\dotnet\;C:\Users\royal\AppData\Local\Microsoft\WindowsApps;C:\Users\royal\AppData\Local\Programs\Microsoft VS Code\bin;C:\Users\royal\AppData\Local\GitHubDesktop\bin;C:\Users\royal\AppData\Local\Programs\Azure Data Studio\bin;C:\Users\royal\AppData\Local\Microsoft\WindowsApps;C:\Users\royal\AppData\Roaming\npm;C:\Users\royal\.dotnet\tools

Yarn version: 
  1.22.19

Node version: 
  14.17.6

Platform: 
  win32 x64

Trace: 
  Error: canceled
      at Interface.<anonymous> (C:\Users\royal\AppData\Roaming\npm\node_modules\yarn\lib\cli.js:137150:13)
      at Interface.emit (events.js:400:28)
      at Interface._ttyWrite (readline.js:910:16)
      at ReadStream.onkeypress (readline.js:235:10)
      at ReadStream.emit (events.js:400:28)
      at emitKeys (internal/readline/utils.js:358:14)
      at emitKeys.next (<anonymous>)
      at ReadStream.onData (readline.js:1179:36)
      at ReadStream.emit (events.js:400:28)
      at addChunk (internal/streams/readable.js:290:12)

npm manifest: 
  No manifest

yarn manifest: 
  No manifest

Lockfile: 
  No lockfile
